{
  "stats": {
    "suites": 4,
    "tests": 8,
    "passes": 8,
    "pending": 0,
    "failures": 0,
    "start": "2026-09-01T12:31:10.096Z",
    "end": "2026-09-01T12:31:10.163Z",
    "duration": 67,
    "testsRegistered": 8,
    "passPercent": 100,
    "pendingPercent": 0,
    "other": 0,
    "hasOther": false,
    "skipped": 0,
    "hasSkipped": false
  },
  "results": [
    {
      "uuid": "edd96e56-fb5f-42ff-ac25-8e60eedba2a5",
      "title": "",
      "fullFile": "",
      "file": "",
      "beforeHooks": [],
      "afterHooks": [],
      "tests": [],
      "suites": [
        {
          "uuid": "3a57e8e1-6f1c-4a89-88ca-2acaf343e3b6",
          "title": "Categorias - Teste de Contrato",
          "fullFile": "/home/runner/work/pactum-exercicio/pactum-exercicio/test/contract/category.contract.spec.js",
          "file": "/test/contract/category.contract.spec.js",
          "beforeHooks": [],
          "afterHooks": [],
          "tests": [
            {
              "title": "Validar contrato da resposta ao adicionar categoria",
              "fullTitle": "Categorias - Teste de Contrato Validar contrato da resposta ao adicionar categoria",
              "timedOut": false,
              "duration": 43,
              "state": "passed",
              "speed": "medium",
              "pass": true,
              "fail": false,
              "pending": false,
              "context": null,
              "code": "await pactum.spec()\n  .post('http://localhost:8080/graphql')\n  .withGraphQLQuery(`\n    mutation {\n      addCategory(name: \"Validação Contrato Categoria\") {\n        id\n        name\n      }\n    }\n  `)\n  .expectStatus(200)\n  .expectJsonSchema({\n    type: 'object',\n    properties: {\n      data: {\n        type: 'object',\n        properties: {\n          addCategory: {\n            type: 'object',\n            properties: {\n              id: { type: 'string' },\n              name: { type: 'string' }\n            },\n            required: ['id', 'name']\n          }\n        }\n      }\n    }\n  });",
              "err": {},
              "uuid": "e313936f-ef6b-4888-a5d3-35e4b6965565",
              "parentUUID": "3a57e8e1-6f1c-4a89-88ca-2acaf343e3b6",
              "isHook": false,
              "skipped": false
            }
          ],
          "suites": [],
          "passes": [
            "e313936f-ef6b-4888-a5d3-35e4b6965565"
          ],
          "failures": [],
          "pending": [],
          "skipped": [],
          "duration": 43,
          "root": false,
          "rootEmpty": false,
          "_timeout": 2000
        },
        {
          "uuid": "9e930991-410c-4af2-8df2-5ed22ca98bc3",
          "title": "Produtos - Teste de Contrato",
          "fullFile": "/home/runner/work/pactum-exercicio/pactum-exercicio/test/contract/product.contract.spec.js",
          "file": "/test/contract/product.contract.spec.js",
          "beforeHooks": [],
          "afterHooks": [],
          "tests": [
            {
              "title": "Validar contrato da resposta ao adicionar produto",
              "fullTitle": "Produtos - Teste de Contrato Validar contrato da resposta ao adicionar produto",
              "timedOut": false,
              "duration": 5,
              "state": "passed",
              "speed": "fast",
              "pass": true,
              "fail": false,
              "pending": false,
              "context": null,
              "code": "await pactum.spec()\n  .post('http://localhost:8080/graphql')\n  .withGraphQLQuery(`\n    mutation {\n      addProduct(name: \"Monitor Gamer\", price: 1200.0) {\n        id\n        name\n        price\n      }\n    }\n  `)\n  .expectStatus(200)\n  .expectJsonSchema({\n    type: 'object',\n    properties: {\n      data: {\n        type: 'object',\n        properties: {\n          addProduct: {\n            type: 'object',\n            properties: {\n              id: { type: 'string' },\n              name: { type: 'string' },\n              price: { type: 'number' }\n            },\n            required: ['id', 'name', 'price']\n          }\n        }\n      }\n    }\n  });",
              "err": {},
              "uuid": "1a4703fb-cdc1-4c7b-b423-51c420eb08ff",
              "parentUUID": "9e930991-410c-4af2-8df2-5ed22ca98bc3",
              "isHook": false,
              "skipped": false
            }
          ],
          "suites": [],
          "passes": [
            "1a4703fb-cdc1-4c7b-b423-51c420eb08ff"
          ],
          "failures": [],
          "pending": [],
          "skipped": [],
          "duration": 5,
          "root": false,
          "rootEmpty": false,
          "_timeout": 2000
        },
        {
          "uuid": "e727e8a3-60c9-4798-ae8d-489e97957a0b",
          "title": "Categorias - Testes Funcionais",
          "fullFile": "/home/runner/work/pactum-exercicio/pactum-exercicio/test/graphql/category.spec.js",
          "file": "/test/graphql/category.spec.js",
          "beforeHooks": [],
          "afterHooks": [],
          "tests": [
            {
              "title": "addCategory - Deve adicionar uma nova categoria",
              "fullTitle": "Categorias - Testes Funcionais addCategory - Deve adicionar uma nova categoria",
              "timedOut": false,
              "duration": 2,
              "state": "passed",
              "speed": "fast",
              "pass": true,
              "fail": false,
              "pending": false,
              "context": null,
              "code": "const response = await pactum.spec()\n  .post('http://localhost:8080/graphql')\n  .withGraphQLQuery(`\n    mutation {\n      addCategory(name: \"Eletrônicos\") {\n        id\n        name\n      }\n    }\n  `)\n  .expectStatus(200);\ncategoryId = response.body.data.addCategory.id;",
              "err": {},
              "uuid": "12184002-5c39-4f0b-b491-e658bf56afc5",
              "parentUUID": "e727e8a3-60c9-4798-ae8d-489e97957a0b",
              "isHook": false,
              "skipped": false
            },
            {
              "title": "editCategory - Deve alterar a categoria criada",
              "fullTitle": "Categorias - Testes Funcionais editCategory - Deve alterar a categoria criada",
              "timedOut": false,
              "duration": 3,
              "state": "passed",
              "speed": "fast",
              "pass": true,
              "fail": false,
              "pending": false,
              "context": null,
              "code": "await pactum.spec()\n  .post('http://localhost:8080/graphql')\n  .withGraphQLQuery(`\n    mutation {\n      editCategory(id: \"${categoryId}\", name: \"Tecnologia & Eletrônicos\") {\n        id\n        name\n      }\n    }\n  `)\n  .expectStatus(200);",
              "err": {},
              "uuid": "71c999c8-4c2e-4437-bfc8-947f573f6a67",
              "parentUUID": "e727e8a3-60c9-4798-ae8d-489e97957a0b",
              "isHook": false,
              "skipped": false
            },
            {
              "title": "deleteCategory - Deve remover a categoria",
              "fullTitle": "Categorias - Testes Funcionais deleteCategory - Deve remover a categoria",
              "timedOut": false,
              "duration": 2,
              "state": "passed",
              "speed": "fast",
              "pass": true,
              "fail": false,
              "pending": false,
              "context": null,
              "code": "await pactum.spec()\n  .post('http://localhost:8080/graphql')\n  .withGraphQLQuery(`\n    mutation {\n      deleteCategory(id: \"${categoryId}\")\n    }\n  `)\n  .expectStatus(200);",
              "err": {},
              "uuid": "8bf77e26-b1be-4cee-98ca-4b8882600c36",
              "parentUUID": "e727e8a3-60c9-4798-ae8d-489e97957a0b",
              "isHook": false,
              "skipped": false
            }
          ],
          "suites": [],
          "passes": [
            "12184002-5c39-4f0b-b491-e658bf56afc5",
            "71c999c8-4c2e-4437-bfc8-947f573f6a67",
            "8bf77e26-b1be-4cee-98ca-4b8882600c36"
          ],
          "failures": [],
          "pending": [],
          "skipped": [],
          "duration": 7,
          "root": false,
          "rootEmpty": false,
          "_timeout": 2000
        },
        {
          "uuid": "55ecc67e-a44d-4cea-a0a9-23ddec62c020",
          "title": "Produtos - Testes Funcionais",
          "fullFile": "/home/runner/work/pactum-exercicio/pactum-exercicio/test/graphql/product.spec.js",
          "file": "/test/graphql/product.spec.js",
          "beforeHooks": [],
          "afterHooks": [],
          "tests": [
            {
              "title": "addProduct - Deve cadastrar um novo produto",
              "fullTitle": "Produtos - Testes Funcionais addProduct - Deve cadastrar um novo produto",
              "timedOut": false,
              "duration": 3,
              "state": "passed",
              "speed": "fast",
              "pass": true,
              "fail": false,
              "pending": false,
              "context": null,
              "code": "const response = await pactum.spec()\n  .post('http://localhost:8080/graphql')\n  .withGraphQLQuery(`\n    mutation {\n      addProduct(name: \"Teclado Mecânico\", price: 250.0) {\n        id\n        name\n        price\n      }\n    }\n  `)\n  .expectStatus(200);\nproductId = response.body.data.addProduct.id;",
              "err": {},
              "uuid": "d41ade9c-6cf9-49e1-abdb-91151b1247f2",
              "parentUUID": "55ecc67e-a44d-4cea-a0a9-23ddec62c020",
              "isHook": false,
              "skipped": false
            },
            {
              "title": "editProduct - Deve atualizar os dados do produto",
              "fullTitle": "Produtos - Testes Funcionais editProduct - Deve atualizar os dados do produto",
              "timedOut": false,
              "duration": 3,
              "state": "passed",
              "speed": "fast",
              "pass": true,
              "fail": false,
              "pending": false,
              "context": null,
              "code": "await pactum.spec()\n  .post('http://localhost:8080/graphql')\n  .withGraphQLQuery(`\n    mutation {\n      editProduct(id: \"${productId}\", name: \"Teclado RGB\", price: 299.9) {\n        id\n        name\n        price\n      }\n    }\n  `)\n  .expectStatus(200);",
              "err": {},
              "uuid": "3d693153-4d7f-4efa-8a1d-2ad444fe825b",
              "parentUUID": "55ecc67e-a44d-4cea-a0a9-23ddec62c020",
              "isHook": false,
              "skipped": false
            },
            {
              "title": "deleteProduct - Deve deletar o produto cadastrado",
              "fullTitle": "Produtos - Testes Funcionais deleteProduct - Deve deletar o produto cadastrado",
              "timedOut": false,
              "duration": 2,
              "state": "passed",
              "speed": "fast",
              "pass": true,
              "fail": false,
              "pending": false,
              "context": null,
              "code": "await pactum.spec()\n  .post('http://localhost:8080/graphql')\n  .withGraphQLQuery(`\n    mutation {\n      deleteProduct(id: \"${productId}\")\n    }\n  `)\n  .expectStatus(200);",
              "err": {},
              "uuid": "56b41466-7ac9-49e4-9e33-dddb3b3b4a9d",
              "parentUUID": "55ecc67e-a44d-4cea-a0a9-23ddec62c020",
              "isHook": false,
              "skipped": false
            }
          ],
          "suites": [],
          "passes": [
            "d41ade9c-6cf9-49e1-abdb-91151b1247f2",
            "3d693153-4d7f-4efa-8a1d-2ad444fe825b",
            "56b41466-7ac9-49e4-9e33-dddb3b3b4a9d"
          ],
          "failures": [],
          "pending": [],
          "skipped": [],
          "duration": 8,
          "root": false,
          "rootEmpty": false,
          "_timeout": 2000
        }
      ],
      "passes": [],
      "failures": [],
      "pending": [],
      "skipped": [],
      "duration": 0,
      "root": true,
      "rootEmpty": true,
      "_timeout": 2000
    }
  ],
  "meta": {
    "mocha": {
      "version": "11.8.0"
    },
    "mochawesome": {
      "options": {
        "quiet": false,
        "reportFilename": "mochawesome",
        "saveHtml": true,
        "saveJson": true,
        "consoleReporter": "spec",
        "useInlineDiffs": false,
        "code": true
      },
      "version": "8.0.1"
    },
    "marge": {
      "options": null,
      "version": "6.3.2"
    }
  }
}