{
  "stats": {
    "suites": 4,
    "tests": 8,
    "passes": 8,
    "pending": 0,
    "failures": 0,
    "start": "2026-09-01T12:31:43.831Z",
    "end": "2026-09-01T12:31:43.904Z",
    "duration": 73,
    "testsRegistered": 8,
    "passPercent": 100,
    "pendingPercent": 0,
    "other": 0,
    "hasOther": false,
    "skipped": 0,
    "hasSkipped": false
  },
  "results": [
    {
      "uuid": "e77eb989-2478-4aee-a77b-1fc058017338",
      "title": "",
      "fullFile": "",
      "file": "",
      "beforeHooks": [],
      "afterHooks": [],
      "tests": [],
      "suites": [
        {
          "uuid": "201cc29f-6bfe-46ac-bf32-205030c1a2a3",
          "title": "Categorias - Teste de Contrato",
          "fullFile": "/home/runner/work/pactum-exercicio/pactum-exercicio/test/contract/category.contract.spec.js",
          "file": "/test/contract/category.contract.spec.js",
          "beforeHooks": [],
          "afterHooks": [],
          "tests": [
            {
              "title": "Validar contrato da resposta ao adicionar categoria",
              "fullTitle": "Categorias - Teste de Contrato Validar contrato da resposta ao adicionar categoria",
              "timedOut": false,
              "duration": 46,
              "state": "passed",
              "speed": "medium",
              "pass": true,
              "fail": false,
              "pending": false,
              "context": null,
              "code": "await pactum.spec()\n  .post('http://localhost:8080/graphql')\n  .withGraphQLQuery(`\n    mutation {\n      addCategory(name: \"Validação Contrato Categoria\") {\n        id\n        name\n      }\n    }\n  `)\n  .expectStatus(200)\n  .expectJsonSchema({\n    type: 'object',\n    properties: {\n      data: {\n        type: 'object',\n        properties: {\n          addCategory: {\n            type: 'object',\n            properties: {\n              id: { type: 'string' },\n              name: { type: 'string' }\n            },\n            required: ['id', 'name']\n          }\n        }\n      }\n    }\n  });",
              "err": {},
              "uuid": "e1b47c8b-b1b9-4b8a-9fb7-b8f75e688e46",
              "parentUUID": "201cc29f-6bfe-46ac-bf32-205030c1a2a3",
              "isHook": false,
              "skipped": false
            }
          ],
          "suites": [],
          "passes": [
            "e1b47c8b-b1b9-4b8a-9fb7-b8f75e688e46"
          ],
          "failures": [],
          "pending": [],
          "skipped": [],
          "duration": 46,
          "root": false,
          "rootEmpty": false,
          "_timeout": 2000
        },
        {
          "uuid": "adfda28f-a0b8-4d38-8e2a-5e4ea6533957",
          "title": "Produtos - Teste de Contrato",
          "fullFile": "/home/runner/work/pactum-exercicio/pactum-exercicio/test/contract/product.contract.spec.js",
          "file": "/test/contract/product.contract.spec.js",
          "beforeHooks": [],
          "afterHooks": [],
          "tests": [
            {
              "title": "Validar contrato da resposta ao adicionar produto",
              "fullTitle": "Produtos - Teste de Contrato Validar contrato da resposta ao adicionar produto",
              "timedOut": false,
              "duration": 6,
              "state": "passed",
              "speed": "fast",
              "pass": true,
              "fail": false,
              "pending": false,
              "context": null,
              "code": "await pactum.spec()\n  .post('http://localhost:8080/graphql')\n  .withGraphQLQuery(`\n    mutation {\n      addProduct(name: \"Monitor Gamer\", price: 1200.0) {\n        id\n        name\n        price\n      }\n    }\n  `)\n  .expectStatus(200)\n  .expectJsonSchema({\n    type: 'object',\n    properties: {\n      data: {\n        type: 'object',\n        properties: {\n          addProduct: {\n            type: 'object',\n            properties: {\n              id: { type: 'string' },\n              name: { type: 'string' },\n              price: { type: 'number' }\n            },\n            required: ['id', 'name', 'price']\n          }\n        }\n      }\n    }\n  });",
              "err": {},
              "uuid": "43ad3fea-10be-4993-9aed-cc5f589b74ee",
              "parentUUID": "adfda28f-a0b8-4d38-8e2a-5e4ea6533957",
              "isHook": false,
              "skipped": false
            }
          ],
          "suites": [],
          "passes": [
            "43ad3fea-10be-4993-9aed-cc5f589b74ee"
          ],
          "failures": [],
          "pending": [],
          "skipped": [],
          "duration": 6,
          "root": false,
          "rootEmpty": false,
          "_timeout": 2000
        },
        {
          "uuid": "1d89df73-210c-456b-b437-ed772c922398",
          "title": "Categorias - Testes Funcionais",
          "fullFile": "/home/runner/work/pactum-exercicio/pactum-exercicio/test/graphql/category.spec.js",
          "file": "/test/graphql/category.spec.js",
          "beforeHooks": [],
          "afterHooks": [],
          "tests": [
            {
              "title": "addCategory - Deve adicionar uma nova categoria",
              "fullTitle": "Categorias - Testes Funcionais addCategory - Deve adicionar uma nova categoria",
              "timedOut": false,
              "duration": 3,
              "state": "passed",
              "speed": "fast",
              "pass": true,
              "fail": false,
              "pending": false,
              "context": null,
              "code": "const response = await pactum.spec()\n  .post('http://localhost:8080/graphql')\n  .withGraphQLQuery(`\n    mutation {\n      addCategory(name: \"Eletrônicos\") {\n        id\n        name\n      }\n    }\n  `)\n  .expectStatus(200);\ncategoryId = response.body.data.addCategory.id;",
              "err": {},
              "uuid": "f25b536b-aab7-4394-919b-5058fd0634f0",
              "parentUUID": "1d89df73-210c-456b-b437-ed772c922398",
              "isHook": false,
              "skipped": false
            },
            {
              "title": "editCategory - Deve alterar a categoria criada",
              "fullTitle": "Categorias - Testes Funcionais editCategory - Deve alterar a categoria criada",
              "timedOut": false,
              "duration": 3,
              "state": "passed",
              "speed": "fast",
              "pass": true,
              "fail": false,
              "pending": false,
              "context": null,
              "code": "await pactum.spec()\n  .post('http://localhost:8080/graphql')\n  .withGraphQLQuery(`\n    mutation {\n      editCategory(id: \"${categoryId}\", name: \"Tecnologia & Eletrônicos\") {\n        id\n        name\n      }\n    }\n  `)\n  .expectStatus(200);",
              "err": {},
              "uuid": "be5208de-b46d-4b17-858b-3f064ad173af",
              "parentUUID": "1d89df73-210c-456b-b437-ed772c922398",
              "isHook": false,
              "skipped": false
            },
            {
              "title": "deleteCategory - Deve remover a categoria",
              "fullTitle": "Categorias - Testes Funcionais deleteCategory - Deve remover a categoria",
              "timedOut": false,
              "duration": 2,
              "state": "passed",
              "speed": "fast",
              "pass": true,
              "fail": false,
              "pending": false,
              "context": null,
              "code": "await pactum.spec()\n  .post('http://localhost:8080/graphql')\n  .withGraphQLQuery(`\n    mutation {\n      deleteCategory(id: \"${categoryId}\")\n    }\n  `)\n  .expectStatus(200);",
              "err": {},
              "uuid": "1332c355-5d3c-49aa-9207-2b61c96b9c7b",
              "parentUUID": "1d89df73-210c-456b-b437-ed772c922398",
              "isHook": false,
              "skipped": false
            }
          ],
          "suites": [],
          "passes": [
            "f25b536b-aab7-4394-919b-5058fd0634f0",
            "be5208de-b46d-4b17-858b-3f064ad173af",
            "1332c355-5d3c-49aa-9207-2b61c96b9c7b"
          ],
          "failures": [],
          "pending": [],
          "skipped": [],
          "duration": 8,
          "root": false,
          "rootEmpty": false,
          "_timeout": 2000
        },
        {
          "uuid": "4240d5e2-e715-4313-ab37-60dd8f4baa3a",
          "title": "Produtos - Testes Funcionais",
          "fullFile": "/home/runner/work/pactum-exercicio/pactum-exercicio/test/graphql/product.spec.js",
          "file": "/test/graphql/product.spec.js",
          "beforeHooks": [],
          "afterHooks": [],
          "tests": [
            {
              "title": "addProduct - Deve cadastrar um novo produto",
              "fullTitle": "Produtos - Testes Funcionais addProduct - Deve cadastrar um novo produto",
              "timedOut": false,
              "duration": 2,
              "state": "passed",
              "speed": "fast",
              "pass": true,
              "fail": false,
              "pending": false,
              "context": null,
              "code": "const response = await pactum.spec()\n  .post('http://localhost:8080/graphql')\n  .withGraphQLQuery(`\n    mutation {\n      addProduct(name: \"Teclado Mecânico\", price: 250.0) {\n        id\n        name\n        price\n      }\n    }\n  `)\n  .expectStatus(200);\nproductId = response.body.data.addProduct.id;",
              "err": {},
              "uuid": "96184ca4-b3e7-4e43-9dc0-f8ddaf014035",
              "parentUUID": "4240d5e2-e715-4313-ab37-60dd8f4baa3a",
              "isHook": false,
              "skipped": false
            },
            {
              "title": "editProduct - Deve atualizar os dados do produto",
              "fullTitle": "Produtos - Testes Funcionais editProduct - Deve atualizar os dados do produto",
              "timedOut": false,
              "duration": 3,
              "state": "passed",
              "speed": "fast",
              "pass": true,
              "fail": false,
              "pending": false,
              "context": null,
              "code": "await pactum.spec()\n  .post('http://localhost:8080/graphql')\n  .withGraphQLQuery(`\n    mutation {\n      editProduct(id: \"${productId}\", name: \"Teclado RGB\", price: 299.9) {\n        id\n        name\n        price\n      }\n    }\n  `)\n  .expectStatus(200);",
              "err": {},
              "uuid": "7fd91e8a-7250-4ce9-8e3d-6dff342a25ab",
              "parentUUID": "4240d5e2-e715-4313-ab37-60dd8f4baa3a",
              "isHook": false,
              "skipped": false
            },
            {
              "title": "deleteProduct - Deve deletar o produto cadastrado",
              "fullTitle": "Produtos - Testes Funcionais deleteProduct - Deve deletar o produto cadastrado",
              "timedOut": false,
              "duration": 2,
              "state": "passed",
              "speed": "fast",
              "pass": true,
              "fail": false,
              "pending": false,
              "context": null,
              "code": "await pactum.spec()\n  .post('http://localhost:8080/graphql')\n  .withGraphQLQuery(`\n    mutation {\n      deleteProduct(id: \"${productId}\")\n    }\n  `)\n  .expectStatus(200);",
              "err": {},
              "uuid": "46fd095e-4a03-4197-b378-a03b0d7b650b",
              "parentUUID": "4240d5e2-e715-4313-ab37-60dd8f4baa3a",
              "isHook": false,
              "skipped": false
            }
          ],
          "suites": [],
          "passes": [
            "96184ca4-b3e7-4e43-9dc0-f8ddaf014035",
            "7fd91e8a-7250-4ce9-8e3d-6dff342a25ab",
            "46fd095e-4a03-4197-b378-a03b0d7b650b"
          ],
          "failures": [],
          "pending": [],
          "skipped": [],
          "duration": 7,
          "root": false,
          "rootEmpty": false,
          "_timeout": 2000
        }
      ],
      "passes": [],
      "failures": [],
      "pending": [],
      "skipped": [],
      "duration": 0,
      "root": true,
      "rootEmpty": true,
      "_timeout": 2000
    }
  ],
  "meta": {
    "mocha": {
      "version": "11.8.0"
    },
    "mochawesome": {
      "options": {
        "quiet": false,
        "reportFilename": "mochawesome",
        "saveHtml": true,
        "saveJson": true,
        "consoleReporter": "spec",
        "useInlineDiffs": false,
        "code": true
      },
      "version": "8.0.1"
    },
    "marge": {
      "options": null,
      "version": "6.3.2"
    }
  }
}